生成启动时间为 2020/6/28 18:14:05。
     1>项目“C:\Users\fy\Desktop\LianLianKan\LLK\LLK.vcxproj”在节点 2 上(build 个目标)。
     1>InitializeBuildStatus:
         正在创建“Debug\LLK.unsuccessfulbuild”，因为已指定“AlwaysCreate”。
       ClCompile:
         所有输出均为最新。
         所有输出均为最新。
       ResourceCompile:
         C:\Program Files (x86)\Microsoft SDKs\Windows\v7.0A\bin\rc.exe /D _DEBUG /D _UNICODE /D UNICODE /D _AFXDLL /l"0x0804" /IDebug\ /nologo /fo"Debug\LLK.res" LLK.rc 
       ManifestResourceCompile:
         所有输出均为最新。
       Link:
         e:\Microsoft Visual Studio 10.0\VC\bin\link.exe /ERRORREPORT:PROMPT /OUT:"C:\Users\fy\Desktop\LianLianKan\Debug\LLK.exe" /INCREMENTAL /NOLOGO /MANIFEST /ManifestFile:"Debug\LLK.exe.intermediate.manifest" /MANIFESTUAC:"level='asInvoker' uiAccess='false'" /DEBUG /PDB:"C:\Users\fy\Desktop\LianLianKan\Debug\LLK.pdb" /SUBSYSTEM:WINDOWS /TLBID:1 /ENTRY:"wWinMainCRTStartup" /DYNAMICBASE /NXCOMPAT /IMPLIB:"C:\Users\fy\Desktop\LianLianKan\Debug\LLK.lib" /MACHINE:X86 Debug\LLK.res
         Debug\LLK.exe.embed.manifest.res
         Debug\GameControl.obj
         Debug\GameDlg.obj
         Debug\GameLogic.obj
         Debug\Graph.obj
         Debug\HelpDialog.obj
         Debug\LLK.obj
         Debug\LLKDlg.obj
         Debug\RankDialog.obj
         Debug\stdafx.obj
       Manifest:
         C:\Program Files (x86)\Microsoft SDKs\Windows\v7.0A\bin\mt.exe /nologo /verbose /out:"Debug\LLK.exe.embed.manifest" /manifest Debug\LLK.exe.intermediate.manifest "e:\Microsoft Visual Studio 10.0\VC\Include\Manifest\dpiaware.manifest"
         所有输出均为最新。
       LinkEmbedManifest:
         所有输出均为最新。
         LLK.vcxproj -> C:\Users\fy\Desktop\LianLianKan\Debug\LLK.exe
       FinalizeBuildStatus:
         正在删除文件“Debug\LLK.unsuccessfulbuild”。
         正在对“Debug\LLK.lastbuildstate”执行 Touch 任务。
     1>已完成生成项目“C:\Users\fy\Desktop\LianLianKan\LLK\LLK.vcxproj”(build 个目标)的操作。

生成成功。

已用时间 00:00:00.46
