C:\USERS\FY\DESKTOP\LIANLIANKAN\DEBUG\LLK.EXE
C:\USERS\FY\DESKTOP\LIANLIANKAN\DEBUG\LLK.ILK
C:\USERS\FY\DESKTOP\LIANLIANKAN\DEBUG\LLK.PDB
C:\Users\fy\Desktop\LianLianKan\LLK\Debug\cl.command.1.tlog
C:\Users\fy\Desktop\LianLianKan\LLK\Debug\CL.read.1.tlog
C:\Users\fy\Desktop\LianLianKan\LLK\Debug\CL.write.1.tlog
C:\USERS\FY\DESKTOP\LIANLIANKAN\LLK\DEBUG\GAMECONTROL.OBJ
C:\USERS\FY\DESKTOP\LIANLIANKAN\LLK\DEBUG\GAMEDLG.OBJ
C:\USERS\FY\DESKTOP\LIANLIANKAN\LLK\DEBUG\GAMELOGIC.OBJ
C:\USERS\FY\DESKTOP\LIANLIANKAN\LLK\DEBUG\GRAPH.OBJ
C:\Users\fy\Desktop\LianLianKan\LLK\Debug\link.command.1.tlog
C:\Users\fy\Desktop\LianLianKan\LLK\Debug\link.read.1.tlog
C:\Users\fy\Desktop\LianLianKan\LLK\Debug\link.write.1.tlog
C:\Users\fy\Desktop\LianLianKan\LLK\Debug\link-cvtres.read.1.tlog
C:\Users\fy\Desktop\LianLianKan\LLK\Debug\link-cvtres.write.1.tlog
C:\USERS\FY\DESKTOP\LIANLIANKAN\LLK\DEBUG\LLK.EXE.EMBED.MANIFEST
C:\USERS\FY\DESKTOP\LIANLIANKAN\LLK\DEBUG\LLK.EXE.EMBED.MANIFEST.RES
C:\USERS\FY\DESKTOP\LIANLIANKAN\LLK\DEBUG\LLK.EXE.INTERMEDIATE.MANIFEST
C:\USERS\FY\DESKTOP\LIANLIANKAN\LLK\DEBUG\LLK.OBJ
C:\USERS\FY\DESKTOP\LIANLIANKAN\LLK\DEBUG\LLK.PCH
C:\USERS\FY\DESKTOP\LIANLIANKAN\LLK\DEBUG\LLK.RES
C:\Users\fy\Desktop\LianLianKan\LLK\Debug\LLK.write.1.tlog
C:\Users\fy\Desktop\LianLianKan\LLK\Debug\LLK_manifest.rc
C:\USERS\FY\DESKTOP\LIANLIANKAN\LLK\DEBUG\LLKDLG.OBJ
C:\Users\fy\Desktop\LianLianKan\LLK\Debug\mt.command.1.tlog
C:\Users\fy\Desktop\LianLianKan\LLK\Debug\mt.read.1.tlog
C:\Users\fy\Desktop\LianLianKan\LLK\Debug\mt.write.1.tlog
C:\Users\fy\Desktop\LianLianKan\LLK\Debug\rc.command.1.tlog
C:\Users\fy\Desktop\LianLianKan\LLK\Debug\rc.read.1.tlog
C:\Users\fy\Desktop\LianLianKan\LLK\Debug\rc.write.1.tlog
C:\USERS\FY\DESKTOP\LIANLIANKAN\LLK\DEBUG\STDAFX.OBJ
C:\Users\fy\Desktop\LianLianKan\LLK\Debug\vc100.idb
C:\USERS\FY\DESKTOP\LIANLIANKAN\LLK\DEBUG\VC100.PDB
